
synthesis -f "traffic_lights_impl1_lattice.synproj"
synthesis:  version Diamond (64-bit) 3.12.0.240.2

Copyright (c) 1991-1994 by NeoCAD Inc. All rights reserved.
Copyright (c) 1995 AT&T Corp.   All rights reserved.
Copyright (c) 1995-2001 Lucent Technologies Inc.  All rights reserved.
Copyright (c) 2001 Agere Systems   All rights reserved.
Copyright (c) 2002-2020 Lattice Semiconductor Corporation,  All rights reserved.
Mon Nov 28 23:19:25 2022


Command Line:  synthesis -f traffic_lights_impl1_lattice.synproj -gui -msgset D:/diamond/project/Lab3/promote.xml 

    <postMsg mid="35002000" type="Info"    dynamic="0" navigation="0"  />
Synthesis options:
The -a option is MachXO2.
The -s option is 5.
The -t option is CSBGA132.
The -d option is LCMXO2-4000HC.
Using package CSBGA132.
Using performance grade 5.
                                                          

##########################################################

### Lattice Family : MachXO2

### Device  : LCMXO2-4000HC

### Package : CSBGA132

### Speed   : 5

##########################################################

                                                          

    <postMsg mid="35001781" type="Info"    dynamic="0" navigation="0"  />
Optimization goal = Balanced
Top-level module name = traffic_light.
Target frequency = 200.000000 MHz.
Maximum fanout = 1000.
Timing path count = 3
BRAM utilization = 100.000000 %
DSP usage = true
DSP utilization = 100.000000 %
fsm_encoding_style = auto
resolve_mixed_drivers = 0
fix_gated_clocks = 1

Mux style = Auto
Use Carry Chain = true
carry_chain_length = 0
Loop Limit = 1950.
Use IO Insertion = TRUE
Use IO Reg = AUTO

Resource Sharing = TRUE
Propagate Constants = TRUE
Remove Duplicate Registers = TRUE
force_gsr = auto
ROM style = auto
RAM style = auto
The -comp option is FALSE.
The -syn option is FALSE.
-p D:/diamond/diamond/3.12/ispfpga/xo2c00/data (searchpath added)
-p D:/diamond/project/Lab3/impl1 (searchpath added)
-p D:/diamond/project/Lab3 (searchpath added)
VHDL library = work
VHDL design file = D:/diamond/project/Lab3/traffic_light.vhd
NGD file = traffic_lights_impl1.ngd
-sdc option: SDC file input not used.
-lpf option: Output file option is ON.
Hardtimer checking is enabled (default). The -dt option is not used.
The -r option is OFF. [ Remove LOC Properties is OFF. ]
Technology check ok...

Analyzing Verilog file D:/diamond/diamond/3.12/ispfpga/userware/NT/SYNTHESIS_HEADERS/machxo2.v. VERI-1482
Compile design.
Compile Design Begin
    <postMsg mid="35921504" type="Info"    dynamic="2" navigation="0" arg0="" arg1="D:/diamond/project/Lab3/impl1"  />
Analyzing VHDL file d:/diamond/project/lab3/traffic_light.vhd. VHDL-1481
    <postMsg mid="35921012" type="Info"    dynamic="2" navigation="2" arg0="d:/diamond/project/lab3/traffic_light.vhd(5): " arg1="traffic_light" arg2="d:/diamond/project/lab3/traffic_light.vhd" arg3="5"  />
    <postMsg mid="35921010" type="Info"    dynamic="2" navigation="2" arg0="d:/diamond/project/lab3/traffic_light.vhd(24): " arg1="traffic_light_arch" arg2="d:/diamond/project/lab3/traffic_light.vhd" arg3="24"  />
unit traffic_light is not yet analyzed. VHDL-1485
unit traffic_light is not yet analyzed. VHDL-1485
d:/diamond/project/lab3/traffic_light.vhd(5): executing traffic_light(traffic_light_arch)

    <postMsg mid="35921251" type="Warning" dynamic="2" navigation="2" arg0="d:/diamond/project/lab3/traffic_light.vhd(97): " arg1="clk" arg2="d:/diamond/project/lab3/traffic_light.vhd" arg3="97"  />
    <postMsg mid="35921251" type="Warning" dynamic="2" navigation="2" arg0="d:/diamond/project/lab3/traffic_light.vhd(97): " arg1="clk" arg2="d:/diamond/project/lab3/traffic_light.vhd" arg3="97"  />
    <postMsg mid="35921613" type="Warning" dynamic="1" navigation="2" arg0="d:/diamond/project/lab3/traffic_light.vhd(114): " arg1="d:/diamond/project/lab3/traffic_light.vhd" arg2="114"  />
    <postMsg mid="35921172" type="Info"    dynamic="1" navigation="2" arg0="d:/diamond/project/lab3/traffic_light.vhd(175): " arg1="d:/diamond/project/lab3/traffic_light.vhd" arg2="175"  />
    <postMsg mid="35921172" type="Info"    dynamic="1" navigation="2" arg0="d:/diamond/project/lab3/traffic_light.vhd(194): " arg1="d:/diamond/project/lab3/traffic_light.vhd" arg2="194"  />
    <postMsg mid="35921172" type="Info"    dynamic="1" navigation="2" arg0="d:/diamond/project/lab3/traffic_light.vhd(202): " arg1="d:/diamond/project/lab3/traffic_light.vhd" arg2="202"  />
    <postMsg mid="35921172" type="Info"    dynamic="1" navigation="2" arg0="d:/diamond/project/lab3/traffic_light.vhd(208): " arg1="d:/diamond/project/lab3/traffic_light.vhd" arg2="208"  />
    <postMsg mid="35921172" type="Info"    dynamic="1" navigation="2" arg0="d:/diamond/project/lab3/traffic_light.vhd(210): " arg1="d:/diamond/project/lab3/traffic_light.vhd" arg2="210"  />
    <postMsg mid="35935013" type="Warning" dynamic="2" navigation="2" arg0="d:/diamond/project/lab3/traffic_light.vhd(318): " arg1="select_left_259" arg2="d:/diamond/project/lab3/traffic_light.vhd" arg3="318"  />
    <postMsg mid="35921205" type="Warning" dynamic="3" navigation="2" arg0="d:/diamond/project/lab3/traffic_light.vhd(22): " arg1="traffic_light" arg2="traffic_light_arch" arg3="d:/diamond/project/lab3/traffic_light.vhd" arg4="22"  />
Top module name (VHDL): traffic_light
Last elaborated design is traffic_light(traffic_light_arch)
Loading NGL library 'D:/diamond/diamond/3.12/ispfpga/xo2c00a/data/xo2alib.ngl'...
Loading NGL library 'D:/diamond/diamond/3.12/ispfpga/xo2c00/data/xo2clib.ngl'...
Loading NGL library 'D:/diamond/diamond/3.12/ispfpga/mg5g00/data/mg5glib.ngl'...
Loading NGL library 'D:/diamond/diamond/3.12/ispfpga/or5g00/data/orc5glib.ngl'...
Loading device for application map from file 'xo2c4000.nph' in environment: D:/diamond/diamond/3.12/ispfpga.
Package Status:                     Final          Version 1.44.
Top-level module name = traffic_light.
    <postMsg mid="35002005" type="Warning" dynamic="1" navigation="0" arg0="row[3]"  />
    <postMsg mid="35002005" type="Warning" dynamic="1" navigation="0" arg0="row[2]"  />
    <postMsg mid="35002005" type="Warning" dynamic="1" navigation="0" arg0="row[1]"  />
    <postMsg mid="35002005" type="Warning" dynamic="1" navigation="0" arg0="row[0]"  />
    <postMsg mid="35002005" type="Warning" dynamic="1" navigation="0" arg0="column[3]"  />
    <postMsg mid="35002005" type="Warning" dynamic="1" navigation="0" arg0="column[2]"  />
    <postMsg mid="35002005" type="Warning" dynamic="1" navigation="0" arg0="column[1]"  />
    <postMsg mid="35002005" type="Warning" dynamic="1" navigation="0" arg0="column[0]"  />
######## Converting I/O port rck to output.
######## Converting I/O port sck to output.
######## Converting I/O port data to output.
######## Missing driver on net row[3]. Patching with GND.
######## Missing driver on net row[2]. Patching with GND.
######## Missing driver on net row[1]. Patching with GND.
######## Missing driver on net row[0]. Patching with GND.



    <postMsg mid="35001748" type="Warning" dynamic="2" navigation="0" arg0="8" arg1="data_reg"  />
    <postMsg mid="35001748" type="Warning" dynamic="2" navigation="0" arg0="9" arg1="data_reg"  />
    <postMsg mid="35001747" type="Warning" dynamic="2" navigation="0" arg0="0" arg1="baseboard_state"  />
    <postMsg mid="35001747" type="Warning" dynamic="2" navigation="0" arg0="1" arg1="baseboard_state"  />
    <postMsg mid="35001747" type="Warning" dynamic="2" navigation="0" arg0="2" arg1="baseboard_state"  />
    <postMsg mid="35001747" type="Warning" dynamic="2" navigation="0" arg0="3" arg1="baseboard_state"  />
    <postMsg mid="35001747" type="Warning" dynamic="2" navigation="0" arg0="4" arg1="baseboard_state"  />
    <postMsg mid="35001747" type="Warning" dynamic="2" navigation="0" arg0="5" arg1="baseboard_state"  />
    <postMsg mid="35001747" type="Warning" dynamic="2" navigation="0" arg0="6" arg1="baseboard_state"  />
    <postMsg mid="35001747" type="Warning" dynamic="2" navigation="0" arg0="7" arg1="baseboard_state"  />
    <postMsg mid="35001747" type="Warning" dynamic="2" navigation="0" arg0="8" arg1="baseboard_state"  />
    <postMsg mid="35001747" type="Warning" dynamic="2" navigation="0" arg0="9" arg1="baseboard_state"  />
    <postMsg mid="35001747" type="Warning" dynamic="2" navigation="0" arg0="10" arg1="baseboard_state"  />
    <postMsg mid="35001747" type="Warning" dynamic="2" navigation="0" arg0="11" arg1="baseboard_state"  />
    <postMsg mid="35001747" type="Warning" dynamic="2" navigation="0" arg0="12" arg1="baseboard_state"  />
    <postMsg mid="35001747" type="Warning" dynamic="2" navigation="0" arg0="13" arg1="baseboard_state"  />
    <postMsg mid="35001747" type="Warning" dynamic="2" navigation="0" arg0="14" arg1="baseboard_state"  />
    <postMsg mid="35001747" type="Warning" dynamic="2" navigation="0" arg0="15" arg1="baseboard_state"  />
    <postMsg mid="35001747" type="Warning" dynamic="2" navigation="0" arg0="16" arg1="baseboard_state"  />
    <postMsg mid="35001747" type="Warning" dynamic="2" navigation="0" arg0="17" arg1="baseboard_state"  />
    <postMsg mid="35001747" type="Warning" dynamic="2" navigation="0" arg0="18" arg1="baseboard_state"  />
    <postMsg mid="35001747" type="Warning" dynamic="2" navigation="0" arg0="19" arg1="baseboard_state"  />
    <postMsg mid="35001747" type="Warning" dynamic="2" navigation="0" arg0="20" arg1="baseboard_state"  />
    <postMsg mid="35001747" type="Warning" dynamic="2" navigation="0" arg0="21" arg1="baseboard_state"  />
    <postMsg mid="35001747" type="Warning" dynamic="2" navigation="0" arg0="22" arg1="baseboard_state"  />
    <postMsg mid="35001747" type="Warning" dynamic="2" navigation="0" arg0="23" arg1="baseboard_state"  />
    <postMsg mid="35001747" type="Warning" dynamic="2" navigation="0" arg0="24" arg1="baseboard_state"  />
    <postMsg mid="35001747" type="Warning" dynamic="2" navigation="0" arg0="25" arg1="baseboard_state"  />
    <postMsg mid="35001747" type="Warning" dynamic="2" navigation="0" arg0="26" arg1="baseboard_state"  />
    <postMsg mid="35001747" type="Warning" dynamic="2" navigation="0" arg0="27" arg1="baseboard_state"  />
    <postMsg mid="35001747" type="Warning" dynamic="2" navigation="0" arg0="28" arg1="baseboard_state"  />
    <postMsg mid="35001747" type="Warning" dynamic="2" navigation="0" arg0="29" arg1="baseboard_state"  />
    <postMsg mid="35002005" type="Warning" dynamic="1" navigation="0" arg0="column[3]"  />
    <postMsg mid="35002005" type="Warning" dynamic="1" navigation="0" arg0="column[2]"  />
    <postMsg mid="35002005" type="Warning" dynamic="1" navigation="0" arg0="column[1]"  />
    <postMsg mid="35002005" type="Warning" dynamic="1" navigation="0" arg0="column[0]"  />
Duplicate register/latch removal. led1_i1 is a one-to-one match with display_left_i2.
Duplicate register/latch removal. led2_i1 is a one-to-one match with display_left_i3.
Duplicate register/latch removal. display_right_i3 is a one-to-one match with display_right_i2.
Duplicate register/latch removal. led1_i1 is a one-to-one match with display_right_i3.
Duplicate register/latch removal. led2_i1 is a one-to-one match with led1_i1.
Duplicate register/latch removal. display_left_i1 is a one-to-one match with display_left_i4.
Duplicate register/latch removal. display_right_i1 is a one-to-one match with display_right_i6.
Duplicate register/latch removal. display_right_i5 is a one-to-one match with display_right_i4.
Duplicate register/latch removal. display_left_i6 is a one-to-one match with display_left_i5.
Duplicate register/latch removal. display_left_i1 is a one-to-one match with display_left_i6.
Duplicate register/latch removal. display_right_i1 is a one-to-one match with display_right_i5.
GSR will not be inferred because no asynchronous signal was found in the netlist.
    <postMsg mid="35001779" type="Warning" dynamic="1" navigation="0" arg0="select_segment_i0"  />
    <postMsg mid="35001779" type="Warning" dynamic="1" navigation="0" arg0="clk_output_245"  />
Applying 200.000000 MHz constraint to all clocks

    <postMsg mid="35001611" type="Warning" dynamic="0" navigation="0"  />
Results of NGD DRC are available in traffic_light_drc.log.
Loading NGL library 'D:/diamond/diamond/3.12/ispfpga/xo2c00a/data/xo2alib.ngl'...
Loading NGL library 'D:/diamond/diamond/3.12/ispfpga/xo2c00/data/xo2clib.ngl'...
Loading NGL library 'D:/diamond/diamond/3.12/ispfpga/mg5g00/data/mg5glib.ngl'...
Loading NGL library 'D:/diamond/diamond/3.12/ispfpga/or5g00/data/orc5glib.ngl'...


Running DRC...

    <postMsg mid="1166052" type="Warning" dynamic="2" navigation="1" arg0="logical" arg1="column[3]" arg2="column[3]"  />
    <postMsg mid="1166064" type="Warning" dynamic="2" navigation="0" arg0="input" arg1="column[3]"  />
    <postMsg mid="1166052" type="Warning" dynamic="2" navigation="1" arg0="logical" arg1="column[2]" arg2="column[2]"  />
    <postMsg mid="1166064" type="Warning" dynamic="2" navigation="0" arg0="input" arg1="column[2]"  />
    <postMsg mid="1166052" type="Warning" dynamic="2" navigation="1" arg0="logical" arg1="column[1]" arg2="column[1]"  />
    <postMsg mid="1166064" type="Warning" dynamic="2" navigation="0" arg0="input" arg1="column[1]"  />
    <postMsg mid="1166052" type="Warning" dynamic="2" navigation="1" arg0="logical" arg1="column[0]" arg2="column[0]"  />
    <postMsg mid="1166064" type="Warning" dynamic="2" navigation="0" arg0="input" arg1="column[0]"  />
    <postMsg mid="1163101" type="Warning" dynamic="1" navigation="0" arg0="8"  />

Design Results:
    855 blocks expanded
completed the first expansion
All blocks are expanded and NGD expansion is successful.
Writing NGD file traffic_lights_impl1.ngd.

################### Begin Area Report (traffic_light)######################
Number of register bits => 247 of 4635 (5 % )
CCU2D => 136
FD1P3AX => 116
FD1P3IX => 67
FD1P3JX => 6
FD1S3AX => 53
FD1S3AY => 4
FD1S3JX => 1
GSR => 1
IB => 5
LUT4 => 405
OB => 31
PFUMX => 27
################### End Area Report ##################

################### Begin BlackBox Report ######################
TSALL => 1
################### End BlackBox Report ##################

################### Begin Clock Report ######################
Clock Nets
Number of Clocks: 2
  Net : clk_c, loads : 246
  Net : clk_1s, loads : 7
Clock Enable Nets
Number of Clock Enables: 17
Top 10 highest fanout Clock Enables:
  Net : clk_c_enable_106, loads : 34
  Net : clk_c_enable_187, loads : 32
  Net : clk_c_enable_39, loads : 32
  Net : clk_c_enable_180, loads : 32
  Net : clk_c_enable_137, loads : 32
  Net : clk_c_enable_144, loads : 16
  Net : clk_c_enable_175, loads : 3
  Net : clk_c_enable_184, loads : 2
  Net : clk_c_enable_145, loads : 2
  Net : clk_c_enable_179, loads : 2
Highest fanout non-clock nets
Top 10 highest fanout non-clock nets:
  Net : menu_0, loads : 53
  Net : menu_1, loads : 41
  Net : n5952, loads : 36
  Net : clk_c_enable_106, loads : 34
  Net : n6681, loads : 34
  Net : n10746, loads : 33
  Net : n10730, loads : 33
  Net : n10056, loads : 32
  Net : n4054, loads : 32
  Net : clk_c_enable_137, loads : 32
################### End Clock Report ##################

Timing Report Summary
--------------
--------------------------------------------------------------------------------
Constraint                              |   Constraint|       Actual|Levels
--------------------------------------------------------------------------------
                                        |             |             |
create_clock -period 5.000000 -name     |             |             |
clk1 [get_nets clk_1s]                  |  200.000 MHz|  217.486 MHz|     3  
                                        |             |             |
create_clock -period 5.000000 -name     |             |             |
clk0 [get_nets clk_c]                   |  200.000 MHz|   70.185 MHz|    11 *
                                        |             |             |
--------------------------------------------------------------------------------


1 constraints not met.


Peak Memory Usage: 88.879  MB

--------------------------------------------------------------
Elapsed CPU time for LSE flow : 2.047  secs
--------------------------------------------------------------

map -a "MachXO2" -p LCMXO2-4000HC -t CSBGA132 -s 5 -oc Commercial   "traffic_lights_impl1.ngd" -o "traffic_lights_impl1_map.ncd" -pr "traffic_lights_impl1.prf" -mp "traffic_lights_impl1.mrp" -lpf "D:/diamond/project/Lab3/impl1/traffic_lights_impl1.lpf" -lpf "D:/diamond/project/Lab3/traffic_lights.lpf"  -c 0           
map:  version Diamond (64-bit) 3.12.0.240.2

Copyright (c) 1991-1994 by NeoCAD Inc. All rights reserved.
Copyright (c) 1995 AT&T Corp.   All rights reserved.
Copyright (c) 1995-2001 Lucent Technologies Inc.  All rights reserved.
Copyright (c) 2001 Agere Systems   All rights reserved.
Copyright (c) 2002-2020 Lattice Semiconductor Corporation,  All rights reserved.
   Process the file: traffic_lights_impl1.ngd
   Picdevice="LCMXO2-4000HC"

   Pictype="CSBGA132"

   Picspeed=5

   Remove unused logic

   Do not produce over sized NCDs.

Part used: LCMXO2-4000HCCSBGA132, Performance used: 5.

Loading device for application map from file 'xo2c4000.nph' in environment: D:/diamond/diamond/3.12/ispfpga.
Package Status:                     Final          Version 1.44.

Running general design DRC...

    <postMsg mid="1166064" type="Warning" dynamic="2" navigation="0" arg0="input" arg1="column[3]"  />
    <postMsg mid="1166064" type="Warning" dynamic="2" navigation="0" arg0="input" arg1="column[2]"  />
    <postMsg mid="1166064" type="Warning" dynamic="2" navigation="0" arg0="input" arg1="column[1]"  />
    <postMsg mid="1166064" type="Warning" dynamic="2" navigation="0" arg0="input" arg1="column[0]"  />
Removing unused logic...

Optimizing...

    <postMsg mid="51001046" type="Warning" dynamic="1" navigation="0" arg0="column[3:0](3)"  />
    <postMsg mid="51001046" type="Warning" dynamic="1" navigation="0" arg0="column[3:0](2)"  />
    <postMsg mid="51001046" type="Warning" dynamic="1" navigation="0" arg0="column[3:0](1)"  />
    <postMsg mid="51001046" type="Warning" dynamic="1" navigation="0" arg0="column[3:0](0)"  />



Design Summary:
   Number of registers:    247 out of  4635 (5%)
      PFU registers:          247 out of  4320 (6%)
      PIO registers:            0 out of   315 (0%)
   Number of SLICEs:       338 out of  2160 (16%)
      SLICEs as Logic/ROM:    338 out of  2160 (16%)
      SLICEs as RAM:            0 out of  1620 (0%)
      SLICEs as Carry:        136 out of  2160 (6%)
   Number of LUT4s:        675 out of  4320 (16%)
      Number used as logic LUTs:        403
      Number used as distributed RAM:     0
      Number used as ripple logic:      272
      Number used as shift registers:     0
   Number of PIO sites used: 36 + 4(JTAG) out of 105 (38%)
   Number of block RAMs:  0 out of 10 (0%)
   Number of GSRs:        0 out of 1 (0%)
   EFB used :        No
   JTAG used :       No
   Readback used :   No
   Oscillator used : No
   Startup used :    No
   POR :             On
   Bandgap :         On
   Number of Power Controller:  0 out of 1 (0%)
   Number of Dynamic Bank Controller (BCINRD):  0 out of 6 (0%)
   Number of Dynamic Bank Controller (BCLVDSO):  0 out of 1 (0%)
   Number of DCCA:  0 out of 8 (0%)
   Number of DCMA:  0 out of 2 (0%)
   Number of PLLs:  0 out of 2 (0%)
   Number of DQSDLLs:  0 out of 2 (0%)
   Number of CLKDIVC:  0 out of 4 (0%)
   Number of ECLKSYNCA:  0 out of 4 (0%)
   Number of ECLKBRIDGECS:  0 out of 2 (0%)
   Notes:-
      1. Total number of LUT4s = (Number of logic LUT4s) + 2*(Number of distributed RAMs) + 2*(Number of ripple logic)
      2. Number of logic LUT4s does not include count of distributed RAM and ripple logic.
   Number of clocks:  2
     Net clk_c: 139 loads, 139 rising, 0 falling (Driver: PIO clk )
     Net clk_1s: 1 loads, 1 rising, 0 falling (Driver: clk_1s_243 )
   Number of Clock Enables:  17
     Net clk_c_enable_184: 1 loads, 1 LSLICEs
     Net clk_c_enable_137: 16 loads, 16 LSLICEs
     Net clk_c_enable_106: 16 loads, 16 LSLICEs
     Net clk_c_enable_39: 16 loads, 16 LSLICEs
     Net clk_c_enable_145: 2 loads, 2 LSLICEs
     Net baseboard_state_1: 17 loads, 17 LSLICEs
     Net clk_c_enable_181: 1 loads, 1 LSLICEs
     Net clk_c_enable_175: 2 loads, 2 LSLICEs
     Net clk_c_enable_179: 1 loads, 1 LSLICEs
     Net clk_c_enable_138: 1 loads, 1 LSLICEs
     Net clk_c_enable_144: 11 loads, 11 LSLICEs
     Net clk_output_N_889: 1 loads, 1 LSLICEs
     Net clk_1s_enable_1: 1 loads, 1 LSLICEs
     Net clk_c_enable_86: 1 loads, 1 LSLICEs
     Net clk_c_enable_180: 16 loads, 16 LSLICEs
     Net clk_c_enable_85: 1 loads, 1 LSLICEs
     Net clk_c_enable_146: 1 loads, 1 LSLICEs
   Number of LSRs:  7
     Net menu_1: 1 loads, 1 LSLICEs
     Net n7714: 2 loads, 2 LSLICEs
     Net n6714: 2 loads, 2 LSLICEs
     Net n6679: 1 loads, 1 LSLICEs
     Net n7657: 1 loads, 1 LSLICEs
     Net n6681: 18 loads, 18 LSLICEs
     Net n6647: 17 loads, 17 LSLICEs
   Number of nets driven by tri-state buffers:  0
   Top 10 highest fanout non-clock nets:
     Net menu_0: 52 loads
     Net menu_1: 41 loads
     Net n5952: 36 loads
     Net n10730: 33 loads
     Net n10746: 33 loads
     Net n10056: 32 loads
     Net n4054: 32 loads
     Net n9969: 32 loads
     Net baseboard_state_1: 27 loads
     Net n22: 24 loads
 

   Number of warnings:  8
   Number of errors:    0



Total CPU Time: 0 secs  
Total REAL Time: 0 secs  
Peak Memory Usage: 54 MB

Dumping design to file traffic_lights_impl1_map.ncd.

ncd2vdb "traffic_lights_impl1_map.ncd" ".vdbs/traffic_lights_impl1_map.vdb"

Loading device for application ncd2vdb from file 'xo2c4000.nph' in environment: D:/diamond/diamond/3.12/ispfpga.

mpartrce -p "traffic_lights_impl1.p2t" -f "traffic_lights_impl1.p3t" -tf "traffic_lights_impl1.pt" "traffic_lights_impl1_map.ncd" "traffic_lights_impl1.ncd"

---- MParTrce Tool ----
Removing old design directory at request of -rem command line option to this program.
Running par. Please wait . . .

Lattice Place and Route Report for Design "traffic_lights_impl1_map.ncd"
Mon Nov 28 23:19:29 2022

PAR: Place And Route Diamond (64-bit) 3.12.0.240.2.
Command Line: par -w -l 5 -i 6 -t 1 -c 0 -e 0 -gui -msgset D:/diamond/project/Lab3/promote.xml -exp parUseNBR=1:parCDP=0:parCDR=0:parPathBased=OFF:parASE=1 traffic_lights_impl1_map.ncd traffic_lights_impl1.dir/5_1.ncd traffic_lights_impl1.prf
Preference file: traffic_lights_impl1.prf.
Placement level-cost: 5-1.
Routing Iterations: 6

Loading design for application par from file traffic_lights_impl1_map.ncd.
Design name: traffic_light
NCD version: 3.3
Vendor:      LATTICE
Device:      LCMXO2-4000HC
Package:     CSBGA132
Performance: 5
Loading device for application par from file 'xo2c4000.nph' in environment: D:/diamond/diamond/3.12/ispfpga.
Package Status:                     Final          Version 1.44.
Performance Hardware Data Status:   Final          Version 34.4.
License checked out.


Ignore Preference Error(s):  True
Device utilization summary:

   PIO (prelim)   36+4(JTAG)/280     14% used
                  36+4(JTAG)/105     38% bonded

   SLICE            338/2160         15% used



Number of Signals: 955
Number of Connections: 2314

Pin Constraint Summary:
   36 out of 36 pins locked (100% locked).

The following 1 signal is selected to use the primary clock routing resources:
    clk_c (driver: clk, clk load #: 139)

    <postMsg mid="61061008" type="Warning" dynamic="5" navigation="0" arg0="clk_c" arg1="Primary" arg2="clk" arg3="C1" arg4="Primary"  />

The following 8 signals are selected to use the secondary clock routing resources:
    n6681 (driver: SLICE_318, clk load #: 0, sr load #: 18, ce load #: 0)
    baseboard_state_1 (driver: SLICE_136, clk load #: 0, sr load #: 0, ce load #: 17)
    n6647 (driver: SLICE_318, clk load #: 0, sr load #: 17, ce load #: 0)
    clk_c_enable_137 (driver: SLICE_314, clk load #: 0, sr load #: 0, ce load #: 16)
    clk_c_enable_106 (driver: SLICE_314, clk load #: 0, sr load #: 0, ce load #: 16)
    clk_c_enable_39 (driver: SLICE_293, clk load #: 0, sr load #: 0, ce load #: 16)
    clk_c_enable_180 (driver: SLICE_334, clk load #: 0, sr load #: 0, ce load #: 16)
    clk_c_enable_144 (driver: SLICE_294, clk load #: 0, sr load #: 0, ce load #: 11)

No signal is selected as Global Set/Reset.
Starting Placer Phase 0.
............
Finished Placer Phase 0.  REAL time: 0 secs 

Starting Placer Phase 1.
....................
Placer score = 99574.
Finished Placer Phase 1.  REAL time: 3 secs 

Starting Placer Phase 2.
.
Placer score =  98094
Finished Placer Phase 2.  REAL time: 3 secs 


------------------ Clock Report ------------------

Global Clock Resources:
  CLK_PIN    : 0 out of 8 (0%)
  General PIO: 1 out of 280 (0%)
  PLL        : 0 out of 2 (0%)
  DCM        : 0 out of 2 (0%)
  DCC        : 0 out of 8 (0%)

Global Clocks:
  PRIMARY "clk_c" from comp "clk" on PIO site "C1 (PL4A)", clk load = 139
  SECONDARY "n6681" from F0 on comp "SLICE_318" on site "R12C15D", clk load = 0, ce load = 0, sr load = 18
  SECONDARY "baseboard_state_1" from Q1 on comp "SLICE_136" on site "R12C15B", clk load = 0, ce load = 17, sr load = 0
  SECONDARY "n6647" from F1 on comp "SLICE_318" on site "R12C15D", clk load = 0, ce load = 0, sr load = 17
  SECONDARY "clk_c_enable_137" from F1 on comp "SLICE_314" on site "R12C17B", clk load = 0, ce load = 16, sr load = 0
  SECONDARY "clk_c_enable_106" from F0 on comp "SLICE_314" on site "R12C17B", clk load = 0, ce load = 16, sr load = 0
  SECONDARY "clk_c_enable_39" from F0 on comp "SLICE_293" on site "R12C17A", clk load = 0, ce load = 16, sr load = 0
  SECONDARY "clk_c_enable_180" from F1 on comp "SLICE_334" on site "R12C15A", clk load = 0, ce load = 16, sr load = 0
  SECONDARY "clk_c_enable_144" from F1 on comp "SLICE_294" on site "R12C15C", clk load = 0, ce load = 11, sr load = 0

  PRIMARY  : 1 out of 8 (12%)
  SECONDARY: 8 out of 8 (100%)

Edge Clocks:
  No edge clock selected.

--------------- End of Clock Report ---------------


I/O Usage Summary (final):
   36 + 4(JTAG) out of 280 (14.3%) PIO sites used.
   36 + 4(JTAG) out of 105 (38.1%) bonded PIO sites used.
   Number of PIO comps: 36; differential: 0.
   Number of Vref pins used: 0.

I/O Bank Usage Summary:
+----------+---------------+------------+-----------+
| I/O Bank | Usage         | Bank Vccio | Bank Vref |
+----------+---------------+------------+-----------+
| 0        | 9 / 26 ( 34%) | 2.5V       | -         |
| 1        | 5 / 26 ( 19%) | 2.5V       | -         |
| 2        | 9 / 28 ( 32%) | 2.5V       | -         |
| 3        | 2 / 7 ( 28%)  | 2.5V       | -         |
| 4        | 7 / 8 ( 87%)  | 2.5V       | -         |
| 5        | 4 / 10 ( 40%) | 2.5V       | -         |
+----------+---------------+------------+-----------+

Total placer CPU time: 2 secs 

Dumping design to file traffic_lights_impl1.dir/5_1.ncd.


-----------------------------------------------------------------
INFO - par: ASE feature is off due to non timing-driven settings.  
-----------------------------------------------------------------

0 connections routed; 2314 unrouted.
Starting router resource preassignment

    <postMsg mid="66011008" type="Warning" dynamic="1" navigation="0" arg0="&#xA;   Signal=clk_1s loads=7 clock_loads=1"  />

Completed router resource preassignment. Real time: 4 secs 

Start NBR router at 23:19:33 11/28/22

*****************************************************************
Info: NBR allows conflicts(one node used by more than one signal)
      in the earlier iterations. In each iteration, it tries to  
      solve the conflicts while keeping the critical connections 
      routed as short as possible. The routing process is said to
      be completed when no conflicts exist and all connections   
      are routed.                                                
Note: NBR uses a different method to calculate timing slacks. The
      worst slack and total negative slack may not be the same as
      that in TRCE report. You should always run TRCE to verify  
      your design.                                               
*****************************************************************

Start NBR special constraint process at 23:19:33 11/28/22

Start NBR section for initial routing at 23:19:33 11/28/22
Level 4, iteration 1
65(0.03%) conflicts; 0(0.00%) untouched conn; 0 (nbr) score; real time: 5 secs 

Info: Initial congestion level at 75% usage is 0
Info: Initial congestion area  at 75% usage is 0 (0.00%)

Start NBR section for normal routing at 23:19:34 11/28/22
Level 4, iteration 1
28(0.01%) conflicts; 0(0.00%) untouched conn; 0 (nbr) score; real time: 5 secs 
Level 4, iteration 2
19(0.01%) conflicts; 0(0.00%) untouched conn; 0 (nbr) score; real time: 5 secs 
Level 4, iteration 3
0(0.00%) conflict; 0(0.00%) untouched conn; 0 (nbr) score; real time: 5 secs 

Start NBR section for re-routing at 23:19:34 11/28/22
Level 4, iteration 1
0(0.00%) conflict; 0(0.00%) untouched conn; 0 (nbr) score; real time: 5 secs 

Start NBR section for post-routing at 23:19:34 11/28/22

End NBR router with 0 unrouted connection

NBR Summary
-----------
  Number of unrouted connections : 0 (0.00%)
  Number of connections with timing violations : 0 (0.00%)
  Estimated worst slack<setup> : <n/a>
  Timing score<setup> : 0
-----------
Notes: The timing info is calculated for SETUP only and all PAR_ADJs are ignored.



    <postMsg mid="66011008" type="Warning" dynamic="1" navigation="0" arg0="&#xA;   Signal=clk_1s loads=7 clock_loads=1"  />

Total CPU time 4 secs 
Total REAL time: 5 secs 
Completely routed.
End of route.  2314 routed (100.00%); 0 unrouted.

Hold time timing score: 0, hold timing errors: 0

Timing score: 0 

Dumping design to file traffic_lights_impl1.dir/5_1.ncd.


PAR_SUMMARY::Run status = Completed
PAR_SUMMARY::Number of unrouted conns = 0
PAR_SUMMARY::Worst  slack<setup/<ns>> = <n/a>
PAR_SUMMARY::Timing score<setup/<ns>> = <n/a>
PAR_SUMMARY::Worst  slack<hold /<ns>> = <n/a>
PAR_SUMMARY::Timing score<hold /<ns>> = <n/a>
PAR_SUMMARY::Number of errors = 0

Total CPU  time to completion: 5 secs 
Total REAL time to completion: 5 secs 

par done!

Note: user must run 'Trace' for timing closure signoff.

Copyright (c) 1991-1994 by NeoCAD Inc. All rights reserved.
Copyright (c) 1995 AT&T Corp.   All rights reserved.
Copyright (c) 1995-2001 Lucent Technologies Inc.  All rights reserved.
Copyright (c) 2001 Agere Systems   All rights reserved.
Copyright (c) 2002-2020 Lattice Semiconductor Corporation,  All rights reserved.
Exiting par with exit code 0
Exiting mpartrce with exit code 0

trce -f "traffic_lights_impl1.pt" -o "traffic_lights_impl1.twr" "traffic_lights_impl1.ncd" "traffic_lights_impl1.prf"
trce:  version Diamond (64-bit) 3.12.0.240.2

Copyright (c) 1991-1994 by NeoCAD Inc. All rights reserved.
Copyright (c) 1995 AT&T Corp.   All rights reserved.
Copyright (c) 1995-2001 Lucent Technologies Inc.  All rights reserved.
Copyright (c) 2001 Agere Systems   All rights reserved.
Copyright (c) 2002-2020 Lattice Semiconductor Corporation,  All rights reserved.

Loading design for application trce from file traffic_lights_impl1.ncd.
Design name: traffic_light
NCD version: 3.3
Vendor:      LATTICE
Device:      LCMXO2-4000HC
Package:     CSBGA132
Performance: 5
Loading device for application trce from file 'xo2c4000.nph' in environment: D:/diamond/diamond/3.12/ispfpga.
Package Status:                     Final          Version 1.44.
Performance Hardware Data Status:   Final          Version 34.4.
Setup and Hold Report

--------------------------------------------------------------------------------
Lattice TRACE Report - Setup, Version Diamond (64-bit) 3.12.0.240.2
Mon Nov 28 23:19:35 2022

Copyright (c) 1991-1994 by NeoCAD Inc. All rights reserved.
Copyright (c) 1995 AT&T Corp.   All rights reserved.
Copyright (c) 1995-2001 Lucent Technologies Inc.  All rights reserved.
Copyright (c) 2001 Agere Systems   All rights reserved.
Copyright (c) 2002-2020 Lattice Semiconductor Corporation,  All rights reserved.

Report Information
------------------
Command line:    trce -v 10 -gt -sethld -sp 5 -sphld m -o traffic_lights_impl1.twr -gui -msgset D:/diamond/project/Lab3/promote.xml traffic_lights_impl1.ncd traffic_lights_impl1.prf 
Design file:     traffic_lights_impl1.ncd
Preference file: traffic_lights_impl1.prf
Device,speed:    LCMXO2-4000HC,5
Report level:    verbose report, limited to 10 items per preference
--------------------------------------------------------------------------------

Report Type:     based on TRACE automatically generated preferences
BLOCK ASYNCPATHS
BLOCK RESETPATHS
--------------------------------------------------------------------------------



Timing summary (Setup):
---------------

Timing errors: 4169  Score: 58275797
Cumulative negative slack: 58275797

Constraints cover 22745 paths, 10 nets, and 2285 connections (98.75% coverage)

--------------------------------------------------------------------------------
Lattice TRACE Report - Hold, Version Diamond (64-bit) 3.12.0.240.2
Mon Nov 28 23:19:35 2022

Copyright (c) 1991-1994 by NeoCAD Inc. All rights reserved.
Copyright (c) 1995 AT&T Corp.   All rights reserved.
Copyright (c) 1995-2001 Lucent Technologies Inc.  All rights reserved.
Copyright (c) 2001 Agere Systems   All rights reserved.
Copyright (c) 2002-2020 Lattice Semiconductor Corporation,  All rights reserved.

Report Information
------------------
Command line:    trce -v 10 -gt -sethld -sp 5 -sphld m -o traffic_lights_impl1.twr -gui -msgset D:/diamond/project/Lab3/promote.xml traffic_lights_impl1.ncd traffic_lights_impl1.prf 
Design file:     traffic_lights_impl1.ncd
Preference file: traffic_lights_impl1.prf
Device,speed:    LCMXO2-4000HC,m
Report level:    verbose report, limited to 10 items per preference
--------------------------------------------------------------------------------

BLOCK ASYNCPATHS
BLOCK RESETPATHS
--------------------------------------------------------------------------------



Timing summary (Hold):
---------------

Timing errors: 0  Score: 0
Cumulative negative slack: 0

Constraints cover 22745 paths, 10 nets, and 2285 connections (98.75% coverage)



Timing summary (Setup and Hold):
---------------

Timing errors: 4169 (setup), 0 (hold)
Score: 58275797 (setup), 0 (hold)
Cumulative negative slack: 58275797 (58275797+0)
--------------------------------------------------------------------------------

--------------------------------------------------------------------------------

Total CPU Time: 0 secs 
Total REAL Time: 0 secs 
Peak Memory Usage: 65 MB


tmcheck -par "traffic_lights_impl1.par" 

bitgen -f "traffic_lights_impl1.t2b" -w "traffic_lights_impl1.ncd"  -jedec "traffic_lights_impl1.prf"


BITGEN: Bitstream Generator Diamond (64-bit) 3.12.0.240.2
Copyright (c) 1991-1994 by NeoCAD Inc. All rights reserved.
Copyright (c) 1995 AT&T Corp.   All rights reserved.
Copyright (c) 1995-2001 Lucent Technologies Inc.  All rights reserved.
Copyright (c) 2001 Agere Systems   All rights reserved.
Copyright (c) 2002-2020 Lattice Semiconductor Corporation,  All rights reserved.


Loading design for application Bitgen from file traffic_lights_impl1.ncd.
Design name: traffic_light
NCD version: 3.3
Vendor:      LATTICE
Device:      LCMXO2-4000HC
Package:     CSBGA132
Performance: 5
Loading device for application Bitgen from file 'xo2c4000.nph' in environment: D:/diamond/diamond/3.12/ispfpga.
Package Status:                     Final          Version 1.44.
Performance Hardware Data Status:   Final          Version 34.4.

Running DRC.
DRC detected 0 errors and 0 warnings.
Reading Preference File from traffic_lights_impl1.prf.

Preference Summary:
+---------------------------------+---------------------------------+
|  Preference                     |  Current Setting                |
+---------------------------------+---------------------------------+
|                         RamCfg  |                        Reset**  |
+---------------------------------+---------------------------------+
|                     MCCLK_FREQ  |                         2.08**  |
+---------------------------------+---------------------------------+
|                  CONFIG_SECURE  |                          OFF**  |
+---------------------------------+---------------------------------+
|                          INBUF  |                           ON**  |
+---------------------------------+---------------------------------+
|                      JTAG_PORT  |                       ENABLE**  |
+---------------------------------+---------------------------------+
|                       SDM_PORT  |                      DISABLE**  |
+---------------------------------+---------------------------------+
|                 SLAVE_SPI_PORT  |                      DISABLE**  |
+---------------------------------+---------------------------------+
|                MASTER_SPI_PORT  |                      DISABLE**  |
+---------------------------------+---------------------------------+
|                       I2C_PORT  |                      DISABLE**  |
+---------------------------------+---------------------------------+
|        MUX_CONFIGURATION_PORTS  |                      DISABLE**  |
+---------------------------------+---------------------------------+
|                  CONFIGURATION  |                          CFG**  |
+---------------------------------+---------------------------------+
|                COMPRESS_CONFIG  |                           ON**  |
+---------------------------------+---------------------------------+
|                        MY_ASSP  |                          OFF**  |
+---------------------------------+---------------------------------+
|               ONE_TIME_PROGRAM  |                          OFF**  |
+---------------------------------+---------------------------------+
|                 ENABLE_TRANSFR  |                      DISABLE**  |
+---------------------------------+---------------------------------+
|                  SHAREDEBRINIT  |                      DISABLE**  |
+---------------------------------+---------------------------------+
|            BACKGROUND_RECONFIG  |                          OFF**  |
+---------------------------------+---------------------------------+
 *  Default setting.
 ** The specified setting matches the default setting.


Creating bit map...
 
Bitstream Status: Final           Version 1.95.
 
Saving bit stream in "traffic_lights_impl1.jed".
 
===========
UFM Summary.
===========
UFM Size:        767 Pages (128*767 Bits).
UFM Utilization: General Purpose Flash Memory.
 
Available General Purpose Flash Memory:  767 Pages (Page 0 to Page 766).
Initialized UFM Pages:                     0 Page.
 
Total CPU Time: 2 secs 
Total REAL Time: 2 secs 
Peak Memory Usage: 274 MB
